# JRE version: OpenJDK Runtime Environment (8.0_202-b03) (build 1.8.0_202-release-1483-b03)
# Java VM: OpenJDK 64-Bit Server VM (25.202-b03 mixed mode windows-amd64 compressed oops)
Heap:
 PSYoungGen      total 268288K, used 40934K [0x00000000e0000000, 0x00000000f4000000, 0x0000000100000000)
  eden space 241664K, 10% used [0x00000000e0000000,0x00000000e1942930,0x00000000eec00000)
  from space 26624K, 56% used [0x00000000eec00000,0x00000000efab7188,0x00000000f0600000)
  to   space 26624K, 0% used [0x00000000f2600000,0x00000000f2600000,0x00000000f4000000)
 ParOldGen       total 84992K, used 52848K [0x00000000a0000000, 0x00000000a5300000, 0x00000000e0000000)
  object space 84992K, 62% used [0x00000000a0000000,0x00000000a339c248,0x00000000a5300000)
 Metaspace       used 84225K, capacity 87560K, committed 87768K, reserved 1126400K
  class space    used 11073K, capacity 11729K, committed 11776K, reserved 1048576K
GC Heap History (10 events):
Event: 47.105 GC heap before
{Heap before GC invocations=16 (full 3):
 PSYoungGen      total 175616K, used 1536K [0x00000000e0000000, 0x00000000eee80000, 0x0000000100000000)
  eden space 156160K, 0% used [0x00000000e0000000,0x00000000e0000000,0x00000000e9880000)
  from space 19456K, 7% used [0x00000000e9880000,0x00000000e9a00000,0x00000000eab80000)
  to   space 19456K, 0% used [0x00000000edb80000,0x00000000edb80000,0x00000000eee80000)
 ParOldGen       total 54272K, used 40244K [0x00000000a0000000, 0x00000000a3500000, 0x00000000e0000000)
  object space 54272K, 74% used [0x00000000a0000000,0x00000000a274d068,0x00000000a3500000)
 Metaspace       used 57315K, capacity 58956K, committed 59028K, reserved 1099776K
  class space    used 7772K, capacity 8163K, committed 8192K, reserved 1048576K
Event: 47.579 GC heap after
Heap after GC invocations=16 (full 3):
 PSYoungGen      total 175616K, used 0K [0x00000000e0000000, 0x00000000eee80000, 0x0000000100000000)
  eden space 156160K, 0% used [0x00000000e0000000,0x00000000e0000000,0x00000000e9880000)
  from space 19456K, 0% used [0x00000000e9880000,0x00000000e9880000,0x00000000eab80000)
  to   space 19456K, 0% used [0x00000000edb80000,0x00000000edb80000,0x00000000eee80000)
 ParOldGen       total 84992K, used 28851K [0x00000000a0000000, 0x00000000a5300000, 0x00000000e0000000)
  object space 84992K, 33% used [0x00000000a0000000,0x00000000a1c2cdd8,0x00000000a5300000)
 Metaspace       used 57243K, capacity 58744K, committed 59028K, reserved 1099776K
  class space    used 7748K, capacity 8121K, committed 8192K, reserved 1048576K
}
Event: 426.307 GC heap before
{Heap before GC invocations=17 (full 3):
 PSYoungGen      total 175616K, used 156160K [0x00000000e0000000, 0x00000000eee80000, 0x0000000100000000)
  eden space 156160K, 100% used [0x00000000e0000000,0x00000000e9880000,0x00000000e9880000)
  from space 19456K, 0% used [0x00000000e9880000,0x00000000e9880000,0x00000000eab80000)
  to   space 19456K, 0% used [0x00000000edb80000,0x00000000edb80000,0x00000000eee80000)
 ParOldGen       total 84992K, used 28851K [0x00000000a0000000, 0x00000000a5300000, 0x00000000e0000000)
  object space 84992K, 33% used [0x00000000a0000000,0x00000000a1c2cdd8,0x00000000a5300000)
 Metaspace       used 63732K, capacity 65548K, committed 65624K, reserved 1105920K
  class space    used 8371K, capacity 8777K, committed 8832K, reserved 1048576K
Event: 426.333 GC heap after
Heap after GC invocations=17 (full 3):
 PSYoungGen      total 210944K, used 13739K [0x00000000e0000000, 0x00000000ee900000, 0x0000000100000000)
  eden space 197120K, 0% used [0x00000000e0000000,0x00000000e0000000,0x00000000ec080000)
  from space 13824K, 99% used [0x00000000edb80000,0x00000000ee8eac68,0x00000000ee900000)
  to   space 20480K, 0% used [0x00000000ec100000,0x00000000ec100000,0x00000000ed500000)
 ParOldGen       total 84992K, used 28859K [0x00000000a0000000, 0x00000000a5300000, 0x00000000e0000000)
  object space 84992K, 33% used [0x00000000a0000000,0x00000000a1c2edd8,0x00000000a5300000)
 Metaspace       used 63732K, capacity 65548K, committed 65624K, reserved 1105920K
  class space    used 8371K, capacity 8777K, committed 8832K, reserved 1048576K
}
Event: 455.976 GC heap before
{Heap before GC invocations=18 (full 3):
 PSYoungGen      total 210944K, used 210859K [0x00000000e0000000, 0x00000000ee900000, 0x0000000100000000)
  eden space 197120K, 100% used [0x00000000e0000000,0x00000000ec080000,0x00000000ec080000)
  from space 13824K, 99% used [0x00000000edb80000,0x00000000ee8eac68,0x00000000ee900000)
  to   space 20480K, 0% used [0x00000000ec100000,0x00000000ec100000,0x00000000ed500000)
 ParOldGen       total 84992K, used 28859K [0x00000000a0000000, 0x00000000a5300000, 0x00000000e0000000)
  object space 84992K, 33% used [0x00000000a0000000,0x00000000a1c2edd8,0x00000000a5300000)
 Metaspace       used 71100K, capacity 73178K, committed 73432K, reserved 1114112K
  class space    used 9228K, capacity 9718K, committed 9728K, reserved 1048576K
Event: 456.012 GC heap after
Heap after GC invocations=18 (full 3):
 PSYoungGen      total 218112K, used 20474K [0x00000000e0000000, 0x00000000f2000000, 0x0000000100000000)
  eden space 197632K, 0% used [0x00000000e0000000,0x00000000e0000000,0x00000000ec100000)
  from space 20480K, 99% used [0x00000000ec100000,0x00000000ed4fe968,0x00000000ed500000)
  to   space 26624K, 0% used [0x00000000f0600000,0x00000000f0600000,0x00000000f2000000)
 ParOldGen       total 84992K, used 36632K [0x00000000a0000000, 0x00000000a5300000, 0x00000000e0000000)
  object space 84992K, 43% used [0x00000000a0000000,0x00000000a23c60f8,0x00000000a5300000)
 Metaspace       used 71100K, capacity 73178K, committed 73432K, reserved 1114112K
  class space    used 9228K, capacity 9718K, committed 9728K, reserved 1048576K
}
Event: 462.192 GC heap before
{Heap before GC invocations=19 (full 3):
 PSYoungGen      total 218112K, used 218106K [0x00000000e0000000, 0x00000000f2000000, 0x0000000100000000)
  eden space 197632K, 100% used [0x00000000e0000000,0x00000000ec100000,0x00000000ec100000)
  from space 20480K, 99% used [0x00000000ec100000,0x00000000ed4fe968,0x00000000ed500000)
  to   space 26624K, 0% used [0x00000000f0600000,0x00000000f0600000,0x00000000f2000000)
 ParOldGen       total 84992K, used 36632K [0x00000000a0000000, 0x00000000a5300000, 0x00000000e0000000)
  object space 84992K, 43% used [0x00000000a0000000,0x00000000a23c60f8,0x00000000a5300000)
 Metaspace       used 82188K, capacity 85316K, committed 85464K, reserved 1124352K
  class space    used 10837K, capacity 11491K, committed 11520K, reserved 1048576K
Event: 462.272 GC heap after
Heap after GC invocations=19 (full 3):
 PSYoungGen      total 268288K, used 14814K [0x00000000e0000000, 0x00000000f2400000, 0x0000000100000000)
  eden space 241664K, 0% used [0x00000000e0000000,0x00000000e0000000,0x00000000eec00000)
  from space 26624K, 55% used [0x00000000f0600000,0x00000000f1477a40,0x00000000f2000000)
  to   space 26624K, 0% used [0x00000000eec00000,0x00000000eec00000,0x00000000f0600000)
 ParOldGen       total 84992K, used 52840K [0x00000000a0000000, 0x00000000a5300000, 0x00000000e0000000)
  object space 84992K, 62% used [0x00000000a0000000,0x00000000a339a248,0x00000000a5300000)
 Metaspace       used 82188K, capacity 85316K, committed 85464K, reserved 1124352K
  class space    used 10837K, capacity 11491K, committed 11520K, reserved 1048576K
}
Event: 624.519 GC heap before
{Heap before GC invocations=20 (full 3):
 PSYoungGen      total 268288K, used 256478K [0x00000000e0000000, 0x00000000f2400000, 0x0000000100000000)
  eden space 241664K, 100% used [0x00000000e0000000,0x00000000eec00000,0x00000000eec00000)
  from space 26624K, 55% used [0x00000000f0600000,0x00000000f1477a40,0x00000000f2000000)
  to   space 26624K, 0% used [0x00000000eec00000,0x00000000eec00000,0x00000000f0600000)
 ParOldGen       total 84992K, used 52840K [0x00000000a0000000, 0x00000000a5300000, 0x00000000e0000000)
  object space 84992K, 62% used [0x00000000a0000000,0x00000000a339a248,0x00000000a5300000)
 Metaspace       used 84189K, capacity 87512K, committed 87768K, reserved 1126400K
  class space    used 11069K, capacity 11721K, committed 11776K, reserved 1048576K
Event: 624.562 GC heap after
Heap after GC invocations=20 (full 3):
 PSYoungGen      total 268288K, used 15068K [0x00000000e0000000, 0x00000000f4000000, 0x0000000100000000)
  eden space 241664K, 0% used [0x00000000e0000000,0x00000000e0000000,0x00000000eec00000)
  from space 26624K, 56% used [0x00000000eec00000,0x00000000efab7188,0x00000000f0600000)
  to   space 26624K, 0% used [0x00000000f2600000,0x00000000f2600000,0x00000000f4000000)
 ParOldGen       total 84992K, used 52848K [0x00000000a0000000, 0x00000000a5300000, 0x00000000e0000000)
  object space 84992K, 62% used [0x00000000a0000000,0x00000000a339c248,0x00000000a5300000)
 Metaspace       used 84189K, capacity 87512K, committed 87768K, reserved 1126400K
  class space    used 11069K, capacity 11721K, committed 11776K, reserved 1048576K
}

