# JRE version: OpenJDK Runtime Environment (8.0_202-b03) (build 1.8.0_202-release-1483-b03)
# Java VM: OpenJDK 64-Bit Server VM (25.202-b03 mixed mode windows-amd64 compressed oops)
Heap:
 PSYoungGen      total 301056K, used 290543K [0x00000000e0000000, 0x00000000f6780000, 0x0000000100000000)
  eden space 273408K, 100% used [0x00000000e0000000,0x00000000f0b00000,0x00000000f0b00000)
  from space 27648K, 61% used [0x00000000f0b00000,0x00000000f1bbbfa0,0x00000000f2600000)
  to   space 27648K, 79% used [0x00000000f4c80000,0x00000000f6206908,0x00000000f6780000)
 ParOldGen       total 88576K, used 37078K [0x00000000a0000000, 0x00000000a5680000, 0x00000000e0000000)
  object space 88576K, 41% used [0x00000000a0000000,0x00000000a2435850,0x00000000a5680000)
 Metaspace       used 86514K, capacity 89902K, committed 90200K, reserved 1128448K
  class space    used 11121K, capacity 11822K, committed 11904K, reserved 1048576K
GC Heap History (10 events):
Event: 135.959 GC heap after
Heap after GC invocations=20 (full 3):
 PSYoungGen      total 245248K, used 23009K [0x00000000e0000000, 0x00000000f2980000, 0x0000000100000000)
  eden space 222208K, 0% used [0x00000000e0000000,0x00000000e0000000,0x00000000ed900000)
  from space 23040K, 99% used [0x00000000ed900000,0x00000000eef78470,0x00000000eef80000)
  to   space 27136K, 0% used [0x00000000f0f00000,0x00000000f0f00000,0x00000000f2980000)
 ParOldGen       total 88576K, used 29830K [0x00000000a0000000, 0x00000000a5680000, 0x00000000e0000000)
  object space 88576K, 33% used [0x00000000a0000000,0x00000000a1d21810,0x00000000a5680000)
 Metaspace       used 79933K, capacity 83216K, committed 83544K, reserved 1122304K
  class space    used 10424K, capacity 11075K, committed 11136K, reserved 1048576K
}
Event: 180.570 GC heap before
{Heap before GC invocations=21 (full 3):
 PSYoungGen      total 245248K, used 244256K [0x00000000e0000000, 0x00000000f2980000, 0x0000000100000000)
  eden space 222208K, 99% used [0x00000000e0000000,0x00000000ed80ff38,0x00000000ed900000)
  from space 23040K, 99% used [0x00000000ed900000,0x00000000eef78470,0x00000000eef80000)
  to   space 27136K, 0% used [0x00000000f0f00000,0x00000000f0f00000,0x00000000f2980000)
 ParOldGen       total 88576K, used 29830K [0x00000000a0000000, 0x00000000a5680000, 0x00000000e0000000)
  object space 88576K, 33% used [0x00000000a0000000,0x00000000a1d21810,0x00000000a5680000)
 Metaspace       used 80692K, capacity 84236K, committed 84440K, reserved 1122304K
  class space    used 10470K, capacity 11167K, committed 11264K, reserved 1048576K
Event: 180.611 GC heap after
Heap after GC invocations=21 (full 3):
 PSYoungGen      total 270336K, used 18177K [0x00000000e0000000, 0x00000000f2700000, 0x0000000100000000)
  eden space 245760K, 0% used [0x00000000e0000000,0x00000000e0000000,0x00000000ef000000)
  from space 24576K, 73% used [0x00000000f0f00000,0x00000000f20c0468,0x00000000f2700000)
  to   space 28160K, 0% used [0x00000000ef000000,0x00000000ef000000,0x00000000f0b80000)
 ParOldGen       total 88576K, used 37046K [0x00000000a0000000, 0x00000000a5680000, 0x00000000e0000000)
  object space 88576K, 41% used [0x00000000a0000000,0x00000000a242d850,0x00000000a5680000)
 Metaspace       used 80692K, capacity 84236K, committed 84440K, reserved 1122304K
  class space    used 10470K, capacity 11167K, committed 11264K, reserved 1048576K
}
Event: 183.198 GC heap before
{Heap before GC invocations=22 (full 3):
 PSYoungGen      total 270336K, used 263937K [0x00000000e0000000, 0x00000000f2700000, 0x0000000100000000)
  eden space 245760K, 100% used [0x00000000e0000000,0x00000000ef000000,0x00000000ef000000)
  from space 24576K, 73% used [0x00000000f0f00000,0x00000000f20c0468,0x00000000f2700000)
  to   space 28160K, 0% used [0x00000000ef000000,0x00000000ef000000,0x00000000f0b80000)
 ParOldGen       total 88576K, used 37046K [0x00000000a0000000, 0x00000000a5680000, 0x00000000e0000000)
  object space 88576K, 41% used [0x00000000a0000000,0x00000000a242d850,0x00000000a5680000)
 Metaspace       used 80967K, capacity 84518K, committed 84696K, reserved 1122304K
  class space    used 10492K, capacity 11208K, committed 11264K, reserved 1048576K
Event: 183.223 GC heap after
Heap after GC invocations=22 (full 3):
 PSYoungGen      total 273920K, used 16430K [0x00000000e0000000, 0x00000000f4100000, 0x0000000100000000)
  eden space 245760K, 0% used [0x00000000e0000000,0x00000000e0000000,0x00000000ef000000)
  from space 28160K, 58% used [0x00000000ef000000,0x00000000f000b900,0x00000000f0b80000)
  to   space 27648K, 0% used [0x00000000f2600000,0x00000000f2600000,0x00000000f4100000)
 ParOldGen       total 88576K, used 37054K [0x00000000a0000000, 0x00000000a5680000, 0x00000000e0000000)
  object space 88576K, 41% used [0x00000000a0000000,0x00000000a242f850,0x00000000a5680000)
 Metaspace       used 80967K, capacity 84518K, committed 84696K, reserved 1122304K
  class space    used 10492K, capacity 11208K, committed 11264K, reserved 1048576K
}
Event: 185.813 GC heap before
{Heap before GC invocations=23 (full 3):
 PSYoungGen      total 273920K, used 262190K [0x00000000e0000000, 0x00000000f4100000, 0x0000000100000000)
  eden space 245760K, 100% used [0x00000000e0000000,0x00000000ef000000,0x00000000ef000000)
  from space 28160K, 58% used [0x00000000ef000000,0x00000000f000b900,0x00000000f0b80000)
  to   space 27648K, 0% used [0x00000000f2600000,0x00000000f2600000,0x00000000f4100000)
 ParOldGen       total 88576K, used 37054K [0x00000000a0000000, 0x00000000a5680000, 0x00000000e0000000)
  object space 88576K, 41% used [0x00000000a0000000,0x00000000a242f850,0x00000000a5680000)
 Metaspace       used 81017K, capacity 84586K, committed 84696K, reserved 1122304K
  class space    used 10492K, capacity 11208K, committed 11264K, reserved 1048576K
Event: 185.845 GC heap after
Heap after GC invocations=23 (full 3):
 PSYoungGen      total 301056K, used 16941K [0x00000000e0000000, 0x00000000f4380000, 0x0000000100000000)
  eden space 273408K, 0% used [0x00000000e0000000,0x00000000e0000000,0x00000000f0b00000)
  from space 27648K, 61% used [0x00000000f2600000,0x00000000f368b7d8,0x00000000f4100000)
  to   space 27648K, 0% used [0x00000000f0b00000,0x00000000f0b00000,0x00000000f2600000)
 ParOldGen       total 88576K, used 37062K [0x00000000a0000000, 0x00000000a5680000, 0x00000000e0000000)
  object space 88576K, 41% used [0x00000000a0000000,0x00000000a2431850,0x00000000a5680000)
 Metaspace       used 81017K, capacity 84586K, committed 84696K, reserved 1122304K
  class space    used 10492K, capacity 11208K, committed 11264K, reserved 1048576K
}
Event: 187.745 GC heap before
{Heap before GC invocations=24 (full 3):
 PSYoungGen      total 301056K, used 290349K [0x00000000e0000000, 0x00000000f4380000, 0x0000000100000000)
  eden space 273408K, 100% used [0x00000000e0000000,0x00000000f0b00000,0x00000000f0b00000)
  from space 27648K, 61% used [0x00000000f2600000,0x00000000f368b7d8,0x00000000f4100000)
  to   space 27648K, 0% used [0x00000000f0b00000,0x00000000f0b00000,0x00000000f2600000)
 ParOldGen       total 88576K, used 37062K [0x00000000a0000000, 0x00000000a5680000, 0x00000000e0000000)
  object space 88576K, 41% used [0x00000000a0000000,0x00000000a2431850,0x00000000a5680000)
 Metaspace       used 81617K, capacity 85144K, committed 85208K, reserved 1124352K
  class space    used 10544K, capacity 11243K, committed 11264K, reserved 1048576K
Event: 187.783 GC heap after
Heap after GC invocations=24 (full 3):
 PSYoungGen      total 301056K, used 17135K [0x00000000e0000000, 0x00000000f6780000, 0x0000000100000000)
  eden space 273408K, 0% used [0x00000000e0000000,0x00000000e0000000,0x00000000f0b00000)
  from space 27648K, 61% used [0x00000000f0b00000,0x00000000f1bbbfa0,0x00000000f2600000)
  to   space 27648K, 0% used [0x00000000f4c80000,0x00000000f4c80000,0x00000000f6780000)
 ParOldGen       total 88576K, used 37070K [0x00000000a0000000, 0x00000000a5680000, 0x00000000e0000000)
  object space 88576K, 41% used [0x00000000a0000000,0x00000000a2433850,0x00000000a5680000)
 Metaspace       used 81617K, capacity 85144K, committed 85208K, reserved 1124352K
  class space    used 10544K, capacity 11243K, committed 11264K, reserved 1048576K
}
Event: 191.243 GC heap before
{Heap before GC invocations=25 (full 3):
 PSYoungGen      total 301056K, used 290543K [0x00000000e0000000, 0x00000000f6780000, 0x0000000100000000)
  eden space 273408K, 100% used [0x00000000e0000000,0x00000000f0b00000,0x00000000f0b00000)
  from space 27648K, 61% used [0x00000000f0b00000,0x00000000f1bbbfa0,0x00000000f2600000)
  to   space 27648K, 0% used [0x00000000f4c80000,0x00000000f4c80000,0x00000000f6780000)
 ParOldGen       total 88576K, used 37070K [0x00000000a0000000, 0x00000000a5680000, 0x00000000e0000000)
  object space 88576K, 41% used [0x00000000a0000000,0x00000000a2433850,0x00000000a5680000)
 Metaspace       used 86514K, capacity 89902K, committed 90200K, reserved 1128448K
  class space    used 11121K, capacity 11822K, committed 11904K, reserved 1048576K

